<?xml version="1.0" encoding="UTF-8"?>
<!-- Generated by org.testng.reporters.JUnitReportReporter -->
<testsuite skipped="0" hostname="sounrama" name="com.training.sanity.tests.CourseCatalogTest" tests="2" failures="0" timestamp="28 Aug 2019 11:14:05 GMT" time="25.340" errors="0">
  <testcase name="validLoginTest" time="7.495" classname="com.training.sanity.tests.CourseCatalogTest"/>
  <testcase name="validEditProfileTest" time="17.845" classname="com.training.sanity.tests.CourseCatalogTest"/>
</testsuite> <!-- com.training.sanity.tests.CourseCatalogTest -->
