<?xml version="1.0" encoding="UTF-8"?>
<!-- Generated by org.testng.reporters.JUnitReportReporter -->
<testsuite skipped="0" hostname="sounrama" name="com.training.sanity.tests.CreateCourseTest" tests="3" failures="0" timestamp="07 Sep 2019 18:42:17 GMT" time="122.798" errors="0">
  <testcase name="ValidCreateTask" time="37.109" classname="com.training.sanity.tests.CreateCourseTest"/>
  <testcase name="validLoginTest" time="31.145" classname="com.training.sanity.tests.CreateCourseTest"/>
  <testcase name="validCreateCourseTest" time="54.544" classname="com.training.sanity.tests.CreateCourseTest"/>
</testsuite> <!-- com.training.sanity.tests.CreateCourseTest -->
