<?xml version="1.0" encoding="UTF-8"?>
<!-- Generated by org.testng.reporters.JUnitReportReporter -->
<testsuite skipped="0" hostname="sounrama" name="com.training.sanity.tests.StudentLoginTests" tests="1" failures="0" timestamp="03 Sep 2019 17:49:28 GMT" time="25.598" errors="0">
  <testcase name="validLoginTest" time="25.598" classname="com.training.sanity.tests.StudentLoginTests"/>
</testsuite> <!-- com.training.sanity.tests.StudentLoginTests -->
