<?xml version="1.0" encoding="UTF-8"?>
<!-- Generated by org.testng.reporters.JUnitReportReporter -->
<testsuite skipped="0" hostname="sounrama" name="com.training.sanity.tests.LoginTests" tests="1" failures="0" timestamp="26 Aug 2019 09:27:00 GMT" time="8.931" errors="0">
  <testcase name="validLoginTest" time="8.931" classname="com.training.sanity.tests.LoginTests"/>
</testsuite> <!-- com.training.sanity.tests.LoginTests -->
