<?xml version="1.0" encoding="UTF-8"?>
<!-- Generated by org.testng.reporters.JUnitReportReporter -->
<testsuite skipped="0" hostname="sounrama" name="com.training.regression.tests.LoginDBTest" tests="2" failures="0" timestamp="12 Sep 2019 08:02:16 GMT" time="65.396" errors="0">
  <testcase name="loginDBTest" time="26.882" classname="com.training.regression.tests.LoginDBTest"/>
  <testcase name="loginDBTest" time="38.514" classname="com.training.regression.tests.LoginDBTest"/>
</testsuite> <!-- com.training.regression.tests.LoginDBTest -->
