<?xml version="1.0" encoding="UTF-8"?>
<!-- Generated by org.testng.reporters.JUnitReportReporter -->
<testsuite skipped="0" hostname="sounrama" name="com.training.sanity.tests.StudentLoginTests" tests="1" failures="0" timestamp="27 Aug 2019 05:26:01 GMT" time="12.760" errors="0">
  <testcase name="validLoginTest" time="12.760" classname="com.training.sanity.tests.StudentLoginTests"/>
</testsuite> <!-- com.training.sanity.tests.StudentLoginTests -->
