<?xml version="1.0" encoding="UTF-8"?>
<!-- Generated by org.testng.reporters.JUnitReportReporter -->
<testsuite skipped="0" hostname="sounrama" name="com.training.regression.tests.LoginExcelTest" tests="2" failures="0" timestamp="05 Sep 2019 05:42:28 GMT" time="337.981" errors="0">
  <testcase name="loginDBTest" time="196.843" classname="com.training.regression.tests.LoginExcelTest"/>
  <testcase name="loginDBTest" time="141.138" classname="com.training.regression.tests.LoginExcelTest"/>
</testsuite> <!-- com.training.regression.tests.LoginExcelTest -->
