<?xml version="1.0" encoding="UTF-8"?>
<!-- Generated by org.testng.reporters.JUnitReportReporter -->
<testsuite skipped="0" hostname="sounrama" name="com.training.sanity.tests.StudentLoginTest" tests="1" failures="0" timestamp="06 Sep 2019 11:24:10 GMT" time="24.273" errors="0">
  <testcase name="validLoginTest" time="24.273" classname="com.training.sanity.tests.StudentLoginTest"/>
</testsuite> <!-- com.training.sanity.tests.StudentLoginTest -->
