<?xml version="1.0" encoding="UTF-8"?>
<!-- Generated by org.testng.reporters.JUnitReportReporter -->
<testsuite skipped="0" hostname="sounrama" name="com.training.sanity.tests.StudentLogoutTest" tests="2" failures="0" timestamp="27 Aug 2019 17:42:00 GMT" time="23.698" errors="0">
  <testcase name="validLoginTest" time="14.824" classname="com.training.sanity.tests.StudentLogoutTest"/>
  <testcase name="validLogoutTest" time="8.874" classname="com.training.sanity.tests.StudentLogoutTest"/>
</testsuite> <!-- com.training.sanity.tests.StudentLogoutTest -->
