<?xml version="1.0" encoding="UTF-8"?>
<!-- Generated by org.testng.reporters.JUnitReportReporter -->
<testsuite skipped="0" hostname="sounrama" name="com.training.sanity.tests.StudentLogoutTest" tests="2" failures="0" timestamp="27 Aug 2019 05:29:44 GMT" time="21.630" errors="0">
  <testcase name="validLoginTest" time="12.810" classname="com.training.sanity.tests.StudentLogoutTest"/>
  <testcase name="validLogoutTest" time="8.820" classname="com.training.sanity.tests.StudentLogoutTest"/>
</testsuite> <!-- com.training.sanity.tests.StudentLogoutTest -->
