<?xml version="1.0" encoding="UTF-8"?>
<!-- Generated by org.testng.reporters.JUnitReportReporter -->
<testsuite skipped="0" hostname="sounrama" name="com.training.sanity.tests.AdminLoginTests" tests="1" failures="0" timestamp="05 Sep 2019 13:41:57 GMT" time="23.653" errors="0">
  <testcase name="validLoginTest" time="23.653" classname="com.training.sanity.tests.AdminLoginTests"/>
</testsuite> <!-- com.training.sanity.tests.AdminLoginTests -->
